<?xml version="1.0" encoding="UTF-8"?>
<!-- Generated by org.testng.reporters.JUnitXMLReporter -->
<testsuite ignored="1" hostname="mindc1d284" failures="0" tests="10" name="Default test" time="46.102" errors="0" timestamp="2022-06-03T16:08:39 IST">
  <testcase classname="Hybrid.logincrm" name="loginApp" time="4.32"/>
  <testcase classname="Hybrid.logincrm" name="signupapp" time="8.496"/>
  <testcase classname="Hybrid.logincrm" name="searchupapp" time="9.821"/>
  <testcase classname="Hybrid.logincrm" name="Bedapp" time="6.496"/>
  <testcase classname="Hybrid.logincrm" name="Bedappcart" time="3.551"/>
  <testcase classname="Hybrid.logincrm" name="assertions" time="1.993"/>
  <testcase classname="Hybrid.logincrm" name="tvappcart" time="1.683"/>
  <testcase classname="Hybrid.logincrm" name="studyapp" time="2.304"/>
  <testcase classname="Hybrid.logincrm" name="aboutapp" time="0.522"/>
  <testcase classname="Hybrid.logincrm" name="infoapp" time="0.311"/>
  <testcase classname="Hybrid.Baseclass" name="@BeforeSuite setupsuite" time="0.0">
    <ignored/>
  </testcase> <!-- @BeforeSuite setupsuite -->
</testsuite> <!-- Default test -->
